      877 Using device: cudacuda:0
     9773 Guessed max_plate_nesting = 5
      863 Using device: cudacuda:1
      864 Using device: cudacuda:1
      864 *** FL_1_1117_0OD ***
      858 Using device: cudacuda:1
      858 *** FL_1_1117_0OD ***
      858 reading config.ini for FL_1_1117_0OD ... 
      859 done
      859 reading header.mat file ... 
      860 done
      860 reading B33p43e_440_Cy5_driftlist.dat file ... 
      861 calculating cumulative drift ... 
      863 done
      864 reading b33p36g.dat file ... 
      865 adjusting target position from frame 1.0 to frame 1 ... 
      867 done
      882 Using device: cudacuda:1
      882 *** FL_1_1117_0OD ***
      882 reading config.ini for FL_1_1117_0OD ... 
      883 done
      883 reading header.mat file ... 
      884 done
      884 reading B33p43e_440_Cy5_driftlist.dat file ... 
      885 calculating cumulative drift ... 
      887 done
      887 reading b33p36g.dat file ... 
      889 adjusting target position from frame 1.0 to frame 1 ... 
      890 done
     4150 Guessed max_plate_nesting = 5
      880 Using device: cudacuda:0
      880 *** GraceArticlePol2 ***
      880 reading config.ini for GraceArticlePol2 ... 
      872 Using device: cudacuda:0
      873 *** GraceArticlePol2 ***
      873 reading config.ini for GraceArticlePol2 ... 
      873 done
      873 reading header.mat file ... 
      874 done
      874 reading green_and_red_driftlists/b3p81_00267_green_driftlist__manual.dat file ... 
      875 calculating cumulative drift ... 
      877 done
      877 reading aoiinfo2_files_for_DNA_locations_in_cy5_and_cy3_fields/00267_fm1_green_mapped_corr_dnaaois.dat file ... 
      878 adjusting target position from frame 1.0 to frame 1 ... 
      880 done
     6351 *** GraceArticlePol2NegativeControl ***
     6351 reading config.ini for GraceArticlePol2NegativeControl ... 
     6352 done
     6352 reading header.mat file ... 
     6353 done
     6353 reading green_and_red_driftlists/b3p81_00267_green_driftlist__manual.dat file ... 
     6353 calculating cumulative drift ... 
     6355 done
     6355 reading aoiinfo2_files_for_nonDNA_locations_in_cy5_and_cy3/00267_green_mapped_corr_nondnaaois.dat file ... 
     6357 adjusting target position from frame 1.0 to frame 1 ... 
     6358 done
     9748 Guessed max_plate_nesting = 5
      872 Using device: cudacuda:1
      872 *** FL_1_1117_0OD ***
      872 reading config.ini for FL_1_1117_0OD ... 
      868 Using device: cudacuda:1
      868 *** FL_1_1117_0OD ***
      868 reading config.ini for FL_1_1117_0OD ... 
      869 done
      869 reading header.mat file ... 
      870 done
      870 reading B33p43e_440_Cy5_driftlist.dat file ... 
      871 calculating cumulative drift ... 
      873 done
      873 reading b33p36g.dat file ... 
      875 adjusting target position from frame 1.0 to frame 1 ... 
      876 done
      885 Using device: cudacuda:1
      885 *** FL_1_1117_0OD ***
      885 reading config.ini for FL_1_1117_0OD ... 
      886 done
      886 reading header.mat file ... 
      887 done
      887 reading B33p43e_440_Cy5_driftlist.dat file ... 
      888 calculating cumulative drift ... 
      890 done
      890 reading b33p36g.dat file ... 
      892 adjusting target position from frame 1.0 to frame 1 ... 
      893 done
     4133 Guessed max_plate_nesting = 5
      870 Using device: cudacuda:1
      870 *** FL_1_1117_0OD ***
      870 reading config.ini for FL_1_1117_0OD ... 
      871 done
      871 reading header.mat file ... 
      872 done
      872 reading B33p43e_440_Cy5_driftlist.dat file ... 
      873 calculating cumulative drift ... 
      875 done
      875 reading b33p36g.dat file ... 
      877 adjusting target position from frame 1.0 to frame 1 ... 
      878 done
     4117 Guessed max_plate_nesting = 5
      876 Using device: cudacuda:1
      876 *** FL_1_1117_0OD ***
      876 reading config.ini for FL_1_1117_0OD ... 
      877 done
      877 reading header.mat file ... 
      878 done
      878 reading B33p43e_440_Cy5_driftlist.dat file ... 
      879 calculating cumulative drift ... 
      881 done
      881 reading b33p36g.dat file ... 
      883 adjusting target position from frame 1.0 to frame 1 ... 
      884 done
     4158 Guessed max_plate_nesting = 5
      864 Using device: cudacuda:1
      864 *** FL_1_1117_0OD ***
      864 reading config.ini for FL_1_1117_0OD ... 
      865 done
      865 reading header.mat file ... 
      866 done
      866 reading B33p43e_440_Cy5_driftlist.dat file ... 
      867 calculating cumulative drift ... 
      869 done
      869 reading b33p36g.dat file ... 
      871 adjusting target position from frame 1.0 to frame 1 ... 
      872 done
     4100 Guessed max_plate_nesting = 5
      860 Using device: cudacuda:0
      860 *** GraceArticlePol2 ***
      860 reading config.ini for GraceArticlePol2 ... 
      861 done
      861 reading header.mat file ... 
      862 done
      862 reading green_and_red_driftlists/b3p81_00267_green_driftlist__manual.dat file ... 
      862 calculating cumulative drift ... 
      864 done
      864 reading aoiinfo2_files_for_DNA_locations_in_cy5_and_cy3_fields/00267_fm1_green_mapped_corr_dnaaois.dat file ... 
      866 adjusting target position from frame 1.0 to frame 1 ... 
      867 done
     6326 *** GraceArticlePol2NegativeControl ***
     6326 reading config.ini for GraceArticlePol2NegativeControl ... 
     6327 done
     6327 reading header.mat file ... 
     6328 done
     6328 reading green_and_red_driftlists/b3p81_00267_green_driftlist__manual.dat file ... 
     6328 calculating cumulative drift ... 
     6330 done
     6330 reading aoiinfo2_files_for_nonDNA_locations_in_cy5_and_cy3/00267_green_mapped_corr_nondnaaois.dat file ... 
     6332 adjusting target position from frame 1.0 to frame 1 ... 
     6332 done
      867 Using device: cudacuda:1
      867 *** FL_1_1117_0OD ***
      867 reading config.ini for FL_1_1117_0OD ... 
      865 Using device: cudacuda:1
      865 *** FL_1_1117_0OD ***
      865 reading config.ini for FL_1_1117_0OD ... 
      866 done
      866 reading header.mat file ... 
      867 done
      867 reading B33p43e_440_Cy5_driftlist.dat file ... 
      868 calculating cumulative drift ... 
      870 done
      870 reading b33p36g.dat file ... 
      872 done
     4123 Guessed max_plate_nesting = 5
      889 Using device: cudacuda:0
      889 *** GraceArticlePol2 ***
      889 reading config.ini for GraceArticlePol2 ... 
      890 done
      890 reading header.mat file ... 
      891 done
      891 reading green_and_red_driftlists/b3p81_00267_green_driftlist__manual.dat file ... 
      891 calculating cumulative drift ... 
      893 done
      893 reading aoiinfo2_files_for_DNA_locations_in_cy5_and_cy3_fields/00267_fm1_green_mapped_corr_dnaaois.dat file ... 
      895 done
     6462 *** GraceArticlePol2NegativeControl ***
     6463 reading config.ini for GraceArticlePol2NegativeControl ... 
     6464 done
     6464 reading header.mat file ... 
     6464 done
     6464 reading green_and_red_driftlists/b3p81_00267_green_driftlist__manual.dat file ... 
     6465 calculating cumulative drift ... 
     6467 done
     6467 reading aoiinfo2_files_for_nonDNA_locations_in_cy5_and_cy3/00267_green_mapped_corr_nondnaaois.dat file ... 
     6468 done
    10003 Guessed max_plate_nesting = 5
      870 Using device: cudacuda:0
      870 *** DanPol2 ***
      870 reading config.ini for DanPol2 ... 
      871 done
      871 reading header.mat file ... 
      886 done
      886 reading b1p138_028_green_driftlist.dat file ... 
      887 calculating cumulative drift ... 
      891 done
      891 reading b1p139_DNALocations_greenfield_aoiinfo.dat file ... 
      894 done
      885 Using device: cudacuda:0
      885 *** DanPol2 ***
      885 reading config.ini for DanPol2 ... 
      886 done
      886 reading header.mat file ... 
      887 done
      887 reading b1p138_028_green_driftlist.dat file ... 
      887 calculating cumulative drift ... 
      890 done
      890 reading b1p139_DNALocations_greenfield_aoiinfo.dat file ... 
      891 done
      876 Using device: cudacuda:0
      876 *** DanPol2 ***
      876 reading config.ini for DanPol2 ... 
      877 done
      877 reading header.mat file ... 
      878 done
      878 reading b1p138_028_green_driftlist.dat file ... 
      878 calculating cumulative drift ... 
      880 done
      880 reading b1p139_DNALocations_greenfield_aoiinfo.dat file ... 
      882 done
    13881 Guessed max_plate_nesting = 5
      861 Using device: cudacuda:0
      861 *** GraceArticlePol2 ***
      861 reading config.ini for GraceArticlePol2 ... 
      862 done
      862 reading header.mat file ... 
      862 done
      862 reading green_and_red_driftlists/b3p81_00267_green_driftlist__manual.dat file ... 
      863 calculating cumulative drift ... 
      865 done
      865 reading aoiinfo2_files_for_DNA_locations_in_cy5_and_cy3_fields/00267_fm1_green_mapped_corr_dnaaois.dat file ... 
      866 done
     6313 *** GraceArticlePol2NegativeControl ***
     6313 reading config.ini for GraceArticlePol2NegativeControl ... 
     6314 done
     6314 reading header.mat file ... 
     6315 done
     6315 reading green_and_red_driftlists/b3p81_00267_green_driftlist__manual.dat file ... 
     6315 calculating cumulative drift ... 
     6317 done
     6317 reading aoiinfo2_files_for_nonDNA_locations_in_cy5_and_cy3/00267_green_mapped_corr_nondnaaois.dat file ... 
     6318 done
     9691 Guessed max_plate_nesting = 5
